<?xml version="1.0" encoding="UTF-8"?>
<testng-results ignored="0" total="2" passed="2" failed="0" skipped="0">
  <reporter-output>
  </reporter-output>
  <suite started-at="2021-08-09T21:38:27 IST" name="Default suite" finished-at="2021-08-09T21:38:45 IST" duration-ms="18199">
    <groups>
    </groups>
    <test started-at="2021-08-09T21:38:27 IST" name="Default test" finished-at="2021-08-09T21:38:45 IST" duration-ms="18199">
      <class name="scripts1.TestNGBasics">
        <test-method is-config="true" signature="setUp()[pri:0, instance:scripts1.TestNGBasics@5f9b2141]" started-at="2021-08-09T21:38:27 IST" name="setUp" finished-at="2021-08-09T21:38:36 IST" duration-ms="9829" status="PASS">
          <reporter-output>
          </reporter-output>
        </test-method> <!-- setUp -->
        <test-method signature="FreeCRMLogoTest()[pri:0, instance:scripts1.TestNGBasics@5f9b2141]" started-at="2021-08-09T21:38:36 IST" name="FreeCRMLogoTest" finished-at="2021-08-09T21:38:37 IST" duration-ms="256" status="PASS">
          <reporter-output>
          </reporter-output>
        </test-method> <!-- FreeCRMLogoTest -->
        <test-method is-config="true" signature="tearDown()[pri:0, instance:scripts1.TestNGBasics@5f9b2141]" started-at="2021-08-09T21:38:37 IST" name="tearDown" finished-at="2021-08-09T21:38:37 IST" duration-ms="192" status="PASS">
          <reporter-output>
          </reporter-output>
        </test-method> <!-- tearDown -->
        <test-method is-config="true" signature="setUp()[pri:0, instance:scripts1.TestNGBasics@5f9b2141]" started-at="2021-08-09T21:38:37 IST" name="setUp" finished-at="2021-08-09T21:38:44 IST" duration-ms="7630" status="PASS">
          <reporter-output>
          </reporter-output>
        </test-method> <!-- setUp -->
        <test-method signature="verifyPageTitleTest()[pri:0, instance:scripts1.TestNGBasics@5f9b2141]" started-at="2021-08-09T21:38:44 IST" name="verifyPageTitleTest" finished-at="2021-08-09T21:38:44 IST" duration-ms="10" status="PASS">
          <reporter-output>
          </reporter-output>
        </test-method> <!-- verifyPageTitleTest -->
        <test-method is-config="true" signature="tearDown()[pri:0, instance:scripts1.TestNGBasics@5f9b2141]" started-at="2021-08-09T21:38:44 IST" name="tearDown" finished-at="2021-08-09T21:38:45 IST" duration-ms="233" status="PASS">
          <reporter-output>
          </reporter-output>
        </test-method> <!-- tearDown -->
      </class> <!-- scripts1.TestNGBasics -->
    </test> <!-- Default test -->
  </suite> <!-- Default suite -->
</testng-results>
