<?xml version="1.0" encoding="UTF-8"?>
<testng-results ignored="0" total="4" passed="4" failed="0" skipped="0">
  <reporter-output>
  </reporter-output>
  <suite started-at="2021-07-17T17:58:59 IST" name="Tamishra suite" finished-at="2021-07-17T17:59:50 IST" duration-ms="51202">
    <groups>
    </groups>
    <test started-at="2021-07-17T17:58:59 IST" name="test case 1" finished-at="2021-07-17T17:59:50 IST" duration-ms="51202">
      <class name="scripts1.Testng1">
        <test-method signature="f()[pri:0, instance:scripts1.Testng1@693fe6c9]" started-at="2021-07-17T17:58:59 IST" name="f" finished-at="2021-07-17T17:59:14 IST" duration-ms="15182" status="PASS">
          <reporter-output>
          </reporter-output>
        </test-method> <!-- f -->
      </class> <!-- scripts1.Testng1 -->
      <class name="scripts1.Testng2">
        <test-method signature="f()[pri:0, instance:scripts1.Testng2@69997e9d]" started-at="2021-07-17T17:59:14 IST" name="f" finished-at="2021-07-17T17:59:27 IST" duration-ms="13065" status="PASS">
          <reporter-output>
          </reporter-output>
        </test-method> <!-- f -->
      </class> <!-- scripts1.Testng2 -->
      <class name="scripts1.Testng3">
        <test-method signature="f()[pri:0, instance:scripts1.Testng3@793be5ca]" started-at="2021-07-17T17:59:27 IST" name="f" finished-at="2021-07-17T17:59:40 IST" duration-ms="12789" status="PASS">
          <reporter-output>
          </reporter-output>
        </test-method> <!-- f -->
      </class> <!-- scripts1.Testng3 -->
      <class name="scripts1.Testng5">
        <test-method signature="f()[pri:0, instance:scripts1.Testng5@2df9b86]" started-at="2021-07-17T17:59:40 IST" name="f" finished-at="2021-07-17T17:59:50 IST" duration-ms="10098" status="PASS">
          <reporter-output>
          </reporter-output>
        </test-method> <!-- f -->
      </class> <!-- scripts1.Testng5 -->
    </test> <!-- test case 1 -->
  </suite> <!-- Tamishra suite -->
</testng-results>
