<?xml version="1.0" encoding="UTF-8"?>
<!-- Generated by org.testng.reporters.JUnitXMLReporter -->
<testsuite ignored="0" hostname="priyabratas-MacBook-Air.local" failures="0" tests="4" name="test case 1" time="51.202" errors="0" timestamp="2021-07-17T17:59:51 IST">
  <testcase classname="scripts1.Testng1" name="f" time="15.182"/>
  <testcase classname="scripts1.Testng2" name="f" time="13.065"/>
  <testcase classname="scripts1.Testng3" name="f" time="12.789"/>
  <testcase classname="scripts1.Testng5" name="f" time="10.098"/>
</testsuite> <!-- test case 1 -->
